<?xml version="1.0" encoding="UTF-8"?>
<!-- Generated by org.testng.reporters.JUnitXMLReporter -->
<testsuite ignored="1" hostname="DESKTOP-5BKKI8L" failures="0" tests="1" name="Default test" time="10.095" errors="0" timestamp="2024-04-03T23:14:15 PDT">
  <testcase classname="com.allianz.test.LoginUITest" name="titleTest" time="9.963"/>
  <testcase classname="com.allianz.test.LoginUITest" name="descriptionDetails" time="0.0">
    <ignored/>
  </testcase> <!-- descriptionDetails -->
</testsuite> <!-- Default test -->
