<?xml version="1.0" encoding="UTF-8"?>
<testng-results ignored="0" total="2" passed="2" failed="0" skipped="0">
  <reporter-output>
  </reporter-output>
  <suite started-at="2024-04-03T02:53:40 PDT" name="Default suite" finished-at="2024-04-03T02:53:40 PDT" duration-ms="179">
    <groups>
    </groups>
    <test started-at="2024-04-03T02:53:40 PDT" name="Default test" finished-at="2024-04-03T02:53:40 PDT" duration-ms="179">
      <class name="com.allianz.test.LoginUITest">
        <test-method signature="descriptionDetails()[pri:0, instance:com.allianz.test.LoginUITest@57d7f8ca]" started-at="2024-04-03T02:53:40 PDT" name="descriptionDetails" finished-at="2024-04-03T02:53:40 PDT" duration-ms="35" status="PASS">
          <reporter-output>
          </reporter-output>
        </test-method> <!-- descriptionDetails -->
        <test-method signature="titleTest()[pri:0, instance:com.allianz.test.LoginUITest@57d7f8ca]" started-at="2024-04-03T02:53:40 PDT" name="titleTest" finished-at="2024-04-03T02:53:40 PDT" duration-ms="6" status="PASS">
          <reporter-output>
          </reporter-output>
        </test-method> <!-- titleTest -->
      </class> <!-- com.allianz.test.LoginUITest -->
    </test> <!-- Default test -->
  </suite> <!-- Default suite -->
</testng-results>
